Starting at /data/ling_shared/garciag/SkeletonV2/runs/pScript
node file /var/spool/pbs/aux/1247729.batch
loaded: 0.0
plotted: 0
loaded: 0.01
plotted: 1
loaded: 0.02
plotted: 2
loaded: 0.03
plotted: 3
loaded: 0.04
plotted: 4
loaded: 0.05
plotted: 5
loaded: 0.060000000000000005
plotted: 6
loaded: 0.06999999999999999
plotted: 7
loaded: 0.08
plotted: 8
loaded: 0.09
plotted: 9
loaded: 0.09999999999999999
plotted: 10
loaded: 0.11
plotted: 11
loaded: 0.12
plotted: 12
loaded: 0.13
plotted: 13
loaded: 0.14
plotted: 14
loaded: 0.15000000000000002
plotted: 15
loaded: 0.16
plotted: 16
loaded: 0.17
plotted: 17
loaded: 0.18000000000000002
plotted: 18
loaded: 0.19
plotted: 19
loaded: 0.2
plotted: 20
loaded: 0.21000000000000002
plotted: 21
loaded: 0.22
plotted: 22
loaded: 0.23
plotted: 23
loaded: 0.24000000000000002
plotted: 24
loaded: 0.25
plotted: 25
loaded: 0.26
plotted: 26
loaded: 0.27
plotted: 27
loaded: 0.28
plotted: 28
loaded: 0.29000000000000004
plotted: 29
loaded: 0.3
plotted: 30
loaded: 0.31
plotted: 31
loaded: 0.32
plotted: 32
loaded: 0.33
plotted: 33
loaded: 0.34
plotted: 34
loaded: 0.35000000000000003
plotted: 35
loaded: 0.36
plotted: 36
loaded: 0.37
plotted: 37
loaded: 0.38
plotted: 38
loaded: 0.39
plotted: 39
loaded: 0.4
plotted: 40
loaded: 0.41000000000000003
plotted: 41
loaded: 0.42
plotted: 42
loaded: 0.43
plotted: 43
loaded: 0.44
plotted: 44
loaded: 0.45
plotted: 45
loaded: 0.46
plotted: 46
loaded: 0.47000000000000003
plotted: 47
loaded: 0.48
plotted: 48
loaded: 0.49
plotted: 49
loaded: 0.5
plotted: 50
loaded: 0.51
plotted: 51
loaded: 0.52
plotted: 52
loaded: 0.53
plotted: 53
loaded: 0.54
plotted: 54
loaded: 0.55
plotted: 55
loaded: 0.56
plotted: 56
loaded: 0.5700000000000001
plotted: 57
loaded: 0.58
plotted: 58
loaded: 0.59
plotted: 59
loaded: 0.6
plotted: 60
loaded: 0.61
plotted: 61
loaded: 0.62
plotted: 62
loaded: 0.63
plotted: 63
loaded: 0.64
plotted: 64
loaded: 0.65
plotted: 65
loaded: 0.66
plotted: 66
loaded: 0.67
plotted: 67
loaded: 0.68
plotted: 68
loaded: 0.6900000000000001
plotted: 69
loaded: 0.7
plotted: 70
loaded: 0.71
plotted: 71
loaded: 0.72
plotted: 72
loaded: 0.73
plotted: 73
loaded: 0.74
plotted: 74
loaded: 0.75
plotted: 75
loaded: 0.76
plotted: 76
loaded: 0.77
plotted: 77
loaded: 0.78
plotted: 78
loaded: 0.79
plotted: 79
loaded: 0.8
plotted: 80
loaded: 0.81
plotted: 81
loaded: 0.8200000000000001
plotted: 82
loaded: 0.83
plotted: 83
loaded: 0.84
plotted: 84
loaded: 0.85
plotted: 85
loaded: 0.86
plotted: 86
loaded: 0.87
plotted: 87
loaded: 0.88
plotted: 88
loaded: 0.89
plotted: 89
loaded: 0.9
plotted: 90
loaded: 0.91
plotted: 91
loaded: 0.92
plotted: 92
loaded: 0.93
plotted: 93
loaded: 0.9400000000000001
plotted: 94
loaded: 0.95
plotted: 95
loaded: 0.96
plotted: 96
loaded: 0.97
plotted: 97
loaded: 0.98
plotted: 98
loaded: 0.99
plotted: 99
loaded: 1.0
plotted: 100
loaded: 1.01
plotted: 101
loaded: 1.02
plotted: 102
loaded: 1.03
plotted: 103
loaded: 1.04
plotted: 104
loaded: 1.05
plotted: 105
loaded: 1.06
plotted: 106
loaded: 1.07
plotted: 107
loaded: 1.08
plotted: 108
loaded: 1.09
plotted: 109
loaded: 1.1
plotted: 110
loaded: 1.11
plotted: 111
loaded: 1.12
plotted: 112
loaded: 1.1300000000000001
plotted: 113
loaded: 1.14
plotted: 114
loaded: 1.15
plotted: 115
loaded: 1.16
plotted: 116
loaded: 1.17
plotted: 117
loaded: 1.18
plotted: 118
loaded: 1.19
plotted: 119
loaded: 1.2
plotted: 120
loaded: 1.21
plotted: 121
loaded: 1.22
plotted: 122
loaded: 1.23
plotted: 123
loaded: 1.24
plotted: 124
loaded: 1.25
plotted: 125
loaded: 1.26
plotted: 126
loaded: 1.27
plotted: 127
loaded: 1.28
plotted: 128
loaded: 1.29
plotted: 129
loaded: 1.3
plotted: 130
loaded: 1.31
plotted: 131
loaded: 1.32
plotted: 132
loaded: 1.33
plotted: 133
loaded: 1.34
plotted: 134
loaded: 1.35
plotted: 135
loaded: 1.36
plotted: 136
loaded: 1.37
plotted: 137
loaded: 1.3800000000000001
plotted: 138
loaded: 1.39
plotted: 139
loaded: 1.4
plotted: 140
loaded: 1.41
plotted: 141
loaded: 1.42
plotted: 142
loaded: 1.43
plotted: 143
loaded: 1.44
plotted: 144
loaded: 1.45
plotted: 145
loaded: 1.46
plotted: 146
loaded: 1.47
plotted: 147
loaded: 1.48
plotted: 148
loaded: 1.49
plotted: 149
loaded: 1.5
plotted: 150
loaded: 1.51
plotted: 151
loaded: 1.52
plotted: 152
loaded: 1.53
plotted: 153
loaded: 1.54
plotted: 154
loaded: 1.55
plotted: 155
loaded: 1.56
plotted: 156
loaded: 1.57
plotted: 157
loaded: 1.58
plotted: 158
loaded: 1.59
plotted: 159
loaded: 1.6
plotted: 160
loaded: 1.61
plotted: 161
done

Job finished at Thu Feb 23 21:08:13 CST 2023
